2026-03-18 02:57:49,346 | INFO | EVALUATE_PILLAR ENTRY — file: system_rules.md, content_len: 1736, project_path: NOT SET
2026-03-18 02:57:56,869 | INFO | ACCEPT VERDICT — triggering vault sync for 'system_rules.md'
2026-03-18 02:57:56,869 | INFO | SYNC START — file: system_rules.md, content_len: 1736
2026-03-18 02:57:56,870 | DEBUG | VAULT WRITE OK — C:\Users\ethan\Documents\Projects\Trepan\.trepan\trepan_vault\system_rules.md
2026-03-18 02:57:56,870 | DEBUG | LIVE WRITE OK — C:\Users\ethan\Documents\Projects\Trepan\.trepan\system_rules.md
2026-03-18 02:57:56,879 | DEBUG | LOCK RESIGNED OK — root: C:\Users\ethan\Documents\Projects\Trepan
2026-03-18 02:57:56,880 | INFO | SYNC COMPLETE ✅ — file: system_rules.md, new_hash: 5ed8bd004dbc7cad6d78dc9a6a8e6a43e6002746a539d84c109af7df5b437ccc
2026-03-18 03:04:21,865 | INFO | EVALUATE_PILLAR ENTRY — file: system_rules.md, content_len: 1736, project_path: NOT SET
2026-03-18 03:04:29,048 | INFO | ACCEPT VERDICT — triggering vault sync for 'system_rules.md'
2026-03-18 03:04:29,048 | INFO | SYNC START — file: system_rules.md, content_len: 1736
2026-03-18 03:04:29,049 | DEBUG | VAULT WRITE OK — C:\Users\ethan\Documents\Projects\Trepan\.trepan\trepan_vault\system_rules.md
2026-03-18 03:04:29,050 | DEBUG | LIVE WRITE OK — C:\Users\ethan\Documents\Projects\Trepan\.trepan\system_rules.md
2026-03-18 03:04:29,052 | DEBUG | LOCK RESIGNED OK — root: C:\Users\ethan\Documents\Projects\Trepan
2026-03-18 03:04:29,052 | INFO | SYNC COMPLETE ✅ — file: system_rules.md, new_hash: 5ed8bd004dbc7cad6d78dc9a6a8e6a43e6002746a539d84c109af7df5b437ccc
2026-03-18 03:05:42,475 | INFO | EVALUATE_PILLAR ENTRY — file: system_rules.md, content_len: 1849, project_path: NOT SET
2026-03-18 03:05:44,583 | INFO | ACCEPT VERDICT — triggering vault sync for 'system_rules.md'
2026-03-18 03:05:44,583 | INFO | SYNC START — file: system_rules.md, content_len: 1849
2026-03-18 03:05:44,584 | DEBUG | VAULT WRITE OK — C:\Users\ethan\Documents\Projects\Trepan\.trepan\trepan_vault\system_rules.md
2026-03-18 03:05:44,585 | DEBUG | LIVE WRITE OK — C:\Users\ethan\Documents\Projects\Trepan\.trepan\system_rules.md
2026-03-18 03:05:44,593 | DEBUG | LOCK RESIGNED OK — root: C:\Users\ethan\Documents\Projects\Trepan
2026-03-18 03:05:44,594 | INFO | SYNC COMPLETE ✅ — file: system_rules.md, new_hash: 9917ae9ba6f56e1f13127682d8dbdec2cdc0e05102f9437f5fbeb294c09815c6
2026-03-18 03:06:14,860 | INFO | EVALUATE_PILLAR ENTRY — file: system_rules.md, content_len: 1736, project_path: NOT SET
2026-03-18 03:06:17,407 | INFO | ACCEPT VERDICT — triggering vault sync for 'system_rules.md'
2026-03-18 03:06:17,409 | INFO | SYNC START — file: system_rules.md, content_len: 1736
2026-03-18 03:06:17,410 | DEBUG | VAULT WRITE OK — C:\Users\ethan\Documents\Projects\Trepan\.trepan\trepan_vault\system_rules.md
2026-03-18 03:06:17,410 | DEBUG | LIVE WRITE OK — C:\Users\ethan\Documents\Projects\Trepan\.trepan\system_rules.md
2026-03-18 03:06:17,411 | DEBUG | LOCK RESIGNED OK — root: C:\Users\ethan\Documents\Projects\Trepan
2026-03-18 03:06:17,412 | INFO | SYNC COMPLETE ✅ — file: system_rules.md, new_hash: 5ed8bd004dbc7cad6d78dc9a6a8e6a43e6002746a539d84c109af7df5b437ccc
